

Started GET "/" for 127.0.0.1 at 2015-01-14 14:51:23 +0700

ActiveRecord::PendingMigrationError (

Migrations are pending. To resolve this issue, run:

	bin/rake db:migrate RAILS_ENV=development

):
  activerecord (4.2.0.beta2) lib/active_record/migration.rb:393:in `check_pending!'
  activerecord (4.2.0.beta2) lib/active_record/migration.rb:374:in `call'
  actionpack (4.2.0.beta2) lib/action_dispatch/middleware/callbacks.rb:29:in `block in call'
  activesupport (4.2.0.beta2) lib/active_support/callbacks.rb:83:in `run_callbacks'
  actionpack (4.2.0.beta2) lib/action_dispatch/middleware/callbacks.rb:27:in `call'
  actionpack (4.2.0.beta2) lib/action_dispatch/middleware/reloader.rb:73:in `call'
  actionpack (4.2.0.beta2) lib/action_dispatch/middleware/remote_ip.rb:78:in `call'
  web-console (2.0.0.beta3) lib/action_dispatch/debug_exceptions.rb:18:in `middleware_call'
  web-console (2.0.0.beta3) lib/action_dispatch/debug_exceptions.rb:13:in `call'
  actionpack (4.2.0.beta2) lib/action_dispatch/middleware/show_exceptions.rb:30:in `call'
  railties (4.2.0.beta2) lib/rails/rack/logger.rb:38:in `call_app'
  railties (4.2.0.beta2) lib/rails/rack/logger.rb:20:in `block in call'
  activesupport (4.2.0.beta2) lib/active_support/tagged_logging.rb:68:in `block in tagged'
  activesupport (4.2.0.beta2) lib/active_support/tagged_logging.rb:26:in `tagged'
  activesupport (4.2.0.beta2) lib/active_support/tagged_logging.rb:68:in `tagged'
  railties (4.2.0.beta2) lib/rails/rack/logger.rb:20:in `call'
  actionpack (4.2.0.beta2) lib/action_dispatch/middleware/request_id.rb:21:in `call'
  rack (1.6.0.beta) lib/rack/methodoverride.rb:22:in `call'
  rack (1.6.0.beta) lib/rack/runtime.rb:17:in `call'
  activesupport (4.2.0.beta2) lib/active_support/cache/strategy/local_cache_middleware.rb:28:in `call'
  rack (1.6.0.beta) lib/rack/lock.rb:17:in `call'
  actionpack (4.2.0.beta2) lib/action_dispatch/middleware/static.rb:103:in `call'
  rack (1.6.0.beta) lib/rack/sendfile.rb:113:in `call'
  railties (4.2.0.beta2) lib/rails/engine.rb:514:in `call'
  railties (4.2.0.beta2) lib/rails/application.rb:161:in `call'
  rack (1.6.0.beta) lib/rack/tempfile_reaper.rb:15:in `call'
  rack (1.6.0.beta) lib/rack/lint.rb:49:in `_call'
  rack (1.6.0.beta) lib/rack/lint.rb:37:in `call'
  rack (1.6.0.beta) lib/rack/showexceptions.rb:24:in `call'
  rack (1.6.0.beta) lib/rack/commonlogger.rb:33:in `call'
  rack (1.6.0.beta) lib/rack/chunked.rb:54:in `call'
  rack (1.6.0.beta) lib/rack/content_length.rb:15:in `call'
  rack (1.6.0.beta) lib/rack/handler/webrick.rb:89:in `service'
  /home/dct/.rvm/rubies/ruby-2.1.2/lib/ruby/2.1.0/webrick/httpserver.rb:138:in `service'
  /home/dct/.rvm/rubies/ruby-2.1.2/lib/ruby/2.1.0/webrick/httpserver.rb:94:in `run'
  /home/dct/.rvm/rubies/ruby-2.1.2/lib/ruby/2.1.0/webrick/server.rb:295:in `block in start_thread'


  Rendered /home/dct/.rvm/gems/ruby-2.1.2/gems/web-console-2.0.0.beta3/lib/action_dispatch/templates/rescues/_source.erb (4.2ms)
  Rendered /home/dct/.rvm/gems/ruby-2.1.2/gems/web-console-2.0.0.beta3/lib/action_dispatch/templates/rescues/_trace.html.erb (4.2ms)
  Rendered /home/dct/.rvm/gems/ruby-2.1.2/gems/web-console-2.0.0.beta3/lib/action_dispatch/templates/rescues/_request_and_response.html.erb (1.2ms)
  Rendered /home/dct/.rvm/gems/ruby-2.1.2/gems/web-console-2.0.0.beta3/lib/action_dispatch/templates/rescues/_web_console.html.erb (1.2ms)
  Rendered /home/dct/.rvm/gems/ruby-2.1.2/gems/web-console-2.0.0.beta3/lib/action_dispatch/templates/rescues/diagnostics.html.erb within rescues/layout (36.4ms)
  [1m[36m (133.2ms)[0m  [1mCREATE TABLE "schema_migrations" ("version" varchar NOT NULL) [0m
  [1m[35m (0.1ms)[0m  select sqlite_version(*)
  [1m[36m (135.8ms)[0m  [1mCREATE UNIQUE INDEX "unique_schema_migrations" ON "schema_migrations" ("version")[0m
  [1m[35mActiveRecord::SchemaMigration Load (0.3ms)[0m  SELECT "schema_migrations".* FROM "schema_migrations"
Migrating to CreateUsers (20141014153357)
  [1m[36m (0.1ms)[0m  [1mbegin transaction[0m
  [1m[35m (0.4ms)[0m  CREATE TABLE "users" ("id" INTEGER PRIMARY KEY AUTOINCREMENT NOT NULL, "name" varchar, "email" varchar, "created_at" datetime NOT NULL, "updated_at" datetime NOT NULL) 
  [1m[36mSQL (0.2ms)[0m  [1mINSERT INTO "schema_migrations" ("version") VALUES (?)[0m  [["version", "20141014153357"]]
  [1m[35m (134.0ms)[0m  commit transaction
Migrating to AddIndexToUsersEmail (20141017090819)
  [1m[36m (0.1ms)[0m  [1mbegin transaction[0m
  [1m[35m (0.3ms)[0m  CREATE UNIQUE INDEX "index_users_on_email" ON "users" ("email")
  [1m[36mSQL (0.1ms)[0m  [1mINSERT INTO "schema_migrations" ("version") VALUES (?)[0m  [["version", "20141017090819"]]
  [1m[35m (130.7ms)[0m  commit transaction
Migrating to AddPasswordDigestToUsers (20141017093611)
  [1m[36m (0.2ms)[0m  [1mbegin transaction[0m
  [1m[35m (1.0ms)[0m  ALTER TABLE "users" ADD "password_digest" varchar
  [1m[36mSQL (0.1ms)[0m  [1mINSERT INTO "schema_migrations" ("version") VALUES (?)[0m  [["version", "20141017093611"]]
  [1m[35m (107.6ms)[0m  commit transaction
Migrating to AddRememberDigestToUsers (20141022145623)
  [1m[36m (0.1ms)[0m  [1mbegin transaction[0m
  [1m[35m (0.4ms)[0m  ALTER TABLE "users" ADD "remember_digest" varchar
  [1m[36mSQL (0.1ms)[0m  [1mINSERT INTO "schema_migrations" ("version") VALUES (?)[0m  [["version", "20141022145623"]]
  [1m[35m (109.5ms)[0m  commit transaction
Migrating to AddAdminToUsers (20141027142130)
  [1m[36m (0.1ms)[0m  [1mbegin transaction[0m
  [1m[35m (0.4ms)[0m  ALTER TABLE "users" ADD "admin" boolean DEFAULT 'f'
  [1m[36mSQL (0.1ms)[0m  [1mINSERT INTO "schema_migrations" ("version") VALUES (?)[0m  [["version", "20141027142130"]]
  [1m[35m (128.8ms)[0m  commit transaction
Migrating to AddActivationToUsers (20141027170257)
  [1m[36m (0.1ms)[0m  [1mbegin transaction[0m
  [1m[35m (0.4ms)[0m  ALTER TABLE "users" ADD "activation_digest" varchar
  [1m[36m (0.2ms)[0m  [1mALTER TABLE "users" ADD "activated" boolean DEFAULT 'f'[0m
  [1m[35m (0.2ms)[0m  ALTER TABLE "users" ADD "activated_at" datetime
  [1m[36mSQL (0.2ms)[0m  [1mINSERT INTO "schema_migrations" ("version") VALUES (?)[0m  [["version", "20141027170257"]]
  [1m[35m (164.4ms)[0m  commit transaction
Migrating to AddResetToUsers (20141029114902)
  [1m[36m (0.1ms)[0m  [1mbegin transaction[0m
  [1m[35m (0.4ms)[0m  ALTER TABLE "users" ADD "reset_digest" varchar
  [1m[36m (0.2ms)[0m  [1mALTER TABLE "users" ADD "reset_sent_at" datetime[0m
  [1m[35mSQL (0.1ms)[0m  INSERT INTO "schema_migrations" ("version") VALUES (?)  [["version", "20141029114902"]]
  [1m[36m (108.6ms)[0m  [1mcommit transaction[0m
Migrating to CreateMicroposts (20141029154655)
  [1m[35m (0.1ms)[0m  begin transaction
  [1m[36m (0.4ms)[0m  [1mCREATE TABLE "microposts" ("id" INTEGER PRIMARY KEY AUTOINCREMENT NOT NULL, "content" text, "user_id" integer, "created_at" datetime NOT NULL, "updated_at" datetime NOT NULL) [0m
  [1m[35m (0.2ms)[0m  CREATE  INDEX "index_microposts_on_user_id" ON "microposts" ("user_id")
  [1m[36m (0.1ms)[0m  [1m            SELECT sql
            FROM sqlite_master
            WHERE name='index_microposts_on_user_id' AND type='index'
            UNION ALL
            SELECT sql
            FROM sqlite_temp_master
            WHERE name='index_microposts_on_user_id' AND type='index'
[0m
  [1m[35m (0.2ms)[0m  CREATE  INDEX "index_microposts_on_user_id_and_created_at" ON "microposts" ("user_id", "created_at")
  [1m[36mSQL (0.1ms)[0m  [1mINSERT INTO "schema_migrations" ("version") VALUES (?)[0m  [["version", "20141029154655"]]
  [1m[35m (117.9ms)[0m  commit transaction
Migrating to AddPictureToMicroposts (20141030154138)
  [1m[36m (0.1ms)[0m  [1mbegin transaction[0m
  [1m[35m (0.4ms)[0m  ALTER TABLE "microposts" ADD "picture" varchar
  [1m[36mSQL (0.2ms)[0m  [1mINSERT INTO "schema_migrations" ("version") VALUES (?)[0m  [["version", "20141030154138"]]
  [1m[35m (111.7ms)[0m  commit transaction
Migrating to CreateRelationships (20141031134048)
  [1m[36m (0.2ms)[0m  [1mbegin transaction[0m
  [1m[35m (1.0ms)[0m  CREATE TABLE "relationships" ("id" INTEGER PRIMARY KEY AUTOINCREMENT NOT NULL, "follower_id" integer, "followed_id" integer, "created_at" datetime NOT NULL, "updated_at" datetime NOT NULL) 
  [1m[36m (0.6ms)[0m  [1mCREATE  INDEX "index_relationships_on_follower_id" ON "relationships" ("follower_id")[0m
  [1m[35m (0.3ms)[0m              SELECT sql
            FROM sqlite_master
            WHERE name='index_relationships_on_follower_id' AND type='index'
            UNION ALL
            SELECT sql
            FROM sqlite_temp_master
            WHERE name='index_relationships_on_follower_id' AND type='index'

  [1m[36m (0.5ms)[0m  [1mCREATE  INDEX "index_relationships_on_followed_id" ON "relationships" ("followed_id")[0m
  [1m[35m (0.2ms)[0m              SELECT sql
            FROM sqlite_master
            WHERE name='index_relationships_on_followed_id' AND type='index'
            UNION ALL
            SELECT sql
            FROM sqlite_temp_master
            WHERE name='index_relationships_on_followed_id' AND type='index'

  [1m[36m (0.2ms)[0m  [1m            SELECT sql
            FROM sqlite_master
            WHERE name='index_relationships_on_follower_id' AND type='index'
            UNION ALL
            SELECT sql
            FROM sqlite_temp_master
            WHERE name='index_relationships_on_follower_id' AND type='index'
[0m
  [1m[35m (0.5ms)[0m  CREATE UNIQUE INDEX "index_relationships_on_follower_id_and_followed_id" ON "relationships" ("follower_id", "followed_id")
  [1m[36mSQL (0.3ms)[0m  [1mINSERT INTO "schema_migrations" ("version") VALUES (?)[0m  [["version", "20141031134048"]]
  [1m[35m (129.8ms)[0m  commit transaction
  [1m[36mActiveRecord::SchemaMigration Load (0.2ms)[0m  [1mSELECT "schema_migrations".* FROM "schema_migrations"[0m
  [1m[35m (0.2ms)[0m              SELECT sql
            FROM sqlite_master
            WHERE name='index_microposts_on_user_id_and_created_at' AND type='index'
            UNION ALL
            SELECT sql
            FROM sqlite_temp_master
            WHERE name='index_microposts_on_user_id_and_created_at' AND type='index'

  [1m[36m (0.2ms)[0m  [1m            SELECT sql
            FROM sqlite_master
            WHERE name='index_microposts_on_user_id' AND type='index'
            UNION ALL
            SELECT sql
            FROM sqlite_temp_master
            WHERE name='index_microposts_on_user_id' AND type='index'
[0m
  [1m[35m (0.2ms)[0m              SELECT sql
            FROM sqlite_master
            WHERE name='index_relationships_on_follower_id_and_followed_id' AND type='index'
            UNION ALL
            SELECT sql
            FROM sqlite_temp_master
            WHERE name='index_relationships_on_follower_id_and_followed_id' AND type='index'

  [1m[36m (0.2ms)[0m  [1m            SELECT sql
            FROM sqlite_master
            WHERE name='index_relationships_on_followed_id' AND type='index'
            UNION ALL
            SELECT sql
            FROM sqlite_temp_master
            WHERE name='index_relationships_on_followed_id' AND type='index'
[0m
  [1m[35m (0.2ms)[0m              SELECT sql
            FROM sqlite_master
            WHERE name='index_relationships_on_follower_id' AND type='index'
            UNION ALL
            SELECT sql
            FROM sqlite_temp_master
            WHERE name='index_relationships_on_follower_id' AND type='index'

  [1m[36m (0.2ms)[0m  [1m            SELECT sql
            FROM sqlite_master
            WHERE name='index_users_on_email' AND type='index'
            UNION ALL
            SELECT sql
            FROM sqlite_temp_master
            WHERE name='index_users_on_email' AND type='index'
[0m


Started GET "/" for 127.0.0.1 at 2015-01-14 14:52:11 +0700
  [1m[36mActiveRecord::SchemaMigration Load (0.2ms)[0m  [1mSELECT "schema_migrations".* FROM "schema_migrations"[0m
Processing by StaticPagesController#home as HTML
  Rendered static_pages/_anonymous.html.erb (33.7ms)
  Rendered static_pages/home.html.erb within layouts/application (57.0ms)
Warning. Error encountered while saving cache 4d23222be75b492fce8bc52a271824afcc21fab1/account_activations.css.scssc: can't dump anonymous class #<Class:0xb1e0694>

Warning. Error encountered while saving cache 4d23222be75b492fce8bc52a271824afcc21fab1/custom.css.scssc: can't dump anonymous class #<Class:0xb1e0694>

Warning. Error encountered while saving cache 5cee39262db6078379f5f14051e99387ea93f397/_bootstrap-sprockets.scssc: can't dump anonymous class #<Class:0xb1e0694>

Warning. Error encountered while saving cache 5cee39262db6078379f5f14051e99387ea93f397/bootstrap.scssc: can't dump anonymous class #<Class:0xb1e0694>

Warning. Error encountered while saving cache c059a54f3ea9e182980c02c1997b9feb6ec4e2f8/_variables.scssc: can't dump anonymous class #<Class:0xb1e0694>

Warning. Error encountered while saving cache c059a54f3ea9e182980c02c1997b9feb6ec4e2f8/_mixins.scssc: can't dump anonymous class #<Class:0xb1e0694>

Warning. Error encountered while saving cache 5f690fa9707d18f0d2473ab21fc8874b389421e4/_hide-text.scssc: can't dump anonymous class #<Class:0xb1e0694>

Warning. Error encountered while saving cache 5f690fa9707d18f0d2473ab21fc8874b389421e4/_opacity.scssc: can't dump anonymous class #<Class:0xb1e0694>

Warning. Error encountered while saving cache 5f690fa9707d18f0d2473ab21fc8874b389421e4/_image.scssc: can't dump anonymous class #<Class:0xb1e0694>

Warning. Error encountered while saving cache 5f690fa9707d18f0d2473ab21fc8874b389421e4/_labels.scssc: can't dump anonymous class #<Class:0xb1e0694>

Warning. Error encountered while saving cache 5f690fa9707d18f0d2473ab21fc8874b389421e4/_reset-filter.scssc: can't dump anonymous class #<Class:0xb1e0694>

Warning. Error encountered while saving cache 5f690fa9707d18f0d2473ab21fc8874b389421e4/_resize.scssc: can't dump anonymous class #<Class:0xb1e0694>

Warning. Error encountered while saving cache 5f690fa9707d18f0d2473ab21fc8874b389421e4/_responsive-visibility.scssc: can't dump anonymous class #<Class:0xb1e0694>

Warning. Error encountered while saving cache 5f690fa9707d18f0d2473ab21fc8874b389421e4/_size.scssc: can't dump anonymous class #<Class:0xb1e0694>

Warning. Error encountered while saving cache 5f690fa9707d18f0d2473ab21fc8874b389421e4/_tab-focus.scssc: can't dump anonymous class #<Class:0xb1e0694>

Warning. Error encountered while saving cache 5f690fa9707d18f0d2473ab21fc8874b389421e4/_text-emphasis.scssc: can't dump anonymous class #<Class:0xb1e0694>

Warning. Error encountered while saving cache 5f690fa9707d18f0d2473ab21fc8874b389421e4/_text-overflow.scssc: can't dump anonymous class #<Class:0xb1e0694>

Warning. Error encountered while saving cache 5f690fa9707d18f0d2473ab21fc8874b389421e4/_vendor-prefixes.scssc: can't dump anonymous class #<Class:0xb1e0694>

Warning. Error encountered while saving cache 5f690fa9707d18f0d2473ab21fc8874b389421e4/_alerts.scssc: can't dump anonymous class #<Class:0xb1e0694>

Warning. Error encountered while saving cache 5f690fa9707d18f0d2473ab21fc8874b389421e4/_buttons.scssc: can't dump anonymous class #<Class:0xb1e0694>

Warning. Error encountered while saving cache 5f690fa9707d18f0d2473ab21fc8874b389421e4/_panels.scssc: can't dump anonymous class #<Class:0xb1e0694>

Warning. Error encountered while saving cache 5f690fa9707d18f0d2473ab21fc8874b389421e4/_pagination.scssc: can't dump anonymous class #<Class:0xb1e0694>

Warning. Error encountered while saving cache 5f690fa9707d18f0d2473ab21fc8874b389421e4/_list-group.scssc: can't dump anonymous class #<Class:0xb1e0694>

Warning. Error encountered while saving cache 5f690fa9707d18f0d2473ab21fc8874b389421e4/_nav-divider.scssc: can't dump anonymous class #<Class:0xb1e0694>

Warning. Error encountered while saving cache 5f690fa9707d18f0d2473ab21fc8874b389421e4/_forms.scssc: can't dump anonymous class #<Class:0xb1e0694>

Warning. Error encountered while saving cache 5f690fa9707d18f0d2473ab21fc8874b389421e4/_progress-bar.scssc: can't dump anonymous class #<Class:0xb1e0694>

Warning. Error encountered while saving cache 5f690fa9707d18f0d2473ab21fc8874b389421e4/_table-row.scssc: can't dump anonymous class #<Class:0xb1e0694>

Warning. Error encountered while saving cache 5f690fa9707d18f0d2473ab21fc8874b389421e4/_background-variant.scssc: can't dump anonymous class #<Class:0xb1e0694>

Warning. Error encountered while saving cache 5f690fa9707d18f0d2473ab21fc8874b389421e4/_border-radius.scssc: can't dump anonymous class #<Class:0xb1e0694>

Warning. Error encountered while saving cache 5f690fa9707d18f0d2473ab21fc8874b389421e4/_gradients.scssc: can't dump anonymous class #<Class:0xb1e0694>

Warning. Error encountered while saving cache 5f690fa9707d18f0d2473ab21fc8874b389421e4/_clearfix.scssc: can't dump anonymous class #<Class:0xb1e0694>

Warning. Error encountered while saving cache 5f690fa9707d18f0d2473ab21fc8874b389421e4/_center-block.scssc: can't dump anonymous class #<Class:0xb1e0694>

Warning. Error encountered while saving cache 5f690fa9707d18f0d2473ab21fc8874b389421e4/_nav-vertical-align.scssc: can't dump anonymous class #<Class:0xb1e0694>

Warning. Error encountered while saving cache 5f690fa9707d18f0d2473ab21fc8874b389421e4/_grid-framework.scssc: can't dump anonymous class #<Class:0xb1e0694>

Warning. Error encountered while saving cache 5f690fa9707d18f0d2473ab21fc8874b389421e4/_grid.scssc: can't dump anonymous class #<Class:0xb1e0694>

Warning. Error encountered while saving cache c059a54f3ea9e182980c02c1997b9feb6ec4e2f8/_normalize.scssc: can't dump anonymous class #<Class:0xb1e0694>

Warning. Error encountered while saving cache c059a54f3ea9e182980c02c1997b9feb6ec4e2f8/_print.scssc: can't dump anonymous class #<Class:0xb1e0694>

Warning. Error encountered while saving cache c059a54f3ea9e182980c02c1997b9feb6ec4e2f8/_glyphicons.scssc: can't dump anonymous class #<Class:0xb1e0694>

Warning. Error encountered while saving cache c059a54f3ea9e182980c02c1997b9feb6ec4e2f8/_scaffolding.scssc: can't dump anonymous class #<Class:0xb1e0694>

Warning. Error encountered while saving cache c059a54f3ea9e182980c02c1997b9feb6ec4e2f8/_type.scssc: can't dump anonymous class #<Class:0xb1e0694>

Warning. Error encountered while saving cache c059a54f3ea9e182980c02c1997b9feb6ec4e2f8/_code.scssc: can't dump anonymous class #<Class:0xb1e0694>

Warning. Error encountered while saving cache c059a54f3ea9e182980c02c1997b9feb6ec4e2f8/_grid.scssc: can't dump anonymous class #<Class:0xb1e0694>

Warning. Error encountered while saving cache c059a54f3ea9e182980c02c1997b9feb6ec4e2f8/_tables.scssc: can't dump anonymous class #<Class:0xb1e0694>

Warning. Error encountered while saving cache c059a54f3ea9e182980c02c1997b9feb6ec4e2f8/_forms.scssc: can't dump anonymous class #<Class:0xb1e0694>

Warning. Error encountered while saving cache c059a54f3ea9e182980c02c1997b9feb6ec4e2f8/_buttons.scssc: can't dump anonymous class #<Class:0xb1e0694>

Warning. Error encountered while saving cache c059a54f3ea9e182980c02c1997b9feb6ec4e2f8/_component-animations.scssc: can't dump anonymous class #<Class:0xb1e0694>

Warning. Error encountered while saving cache c059a54f3ea9e182980c02c1997b9feb6ec4e2f8/_dropdowns.scssc: can't dump anonymous class #<Class:0xb1e0694>

Warning. Error encountered while saving cache c059a54f3ea9e182980c02c1997b9feb6ec4e2f8/_button-groups.scssc: can't dump anonymous class #<Class:0xb1e0694>

Warning. Error encountered while saving cache c059a54f3ea9e182980c02c1997b9feb6ec4e2f8/_input-groups.scssc: can't dump anonymous class #<Class:0xb1e0694>

Warning. Error encountered while saving cache c059a54f3ea9e182980c02c1997b9feb6ec4e2f8/_navs.scssc: can't dump anonymous class #<Class:0xb1e0694>

Warning. Error encountered while saving cache c059a54f3ea9e182980c02c1997b9feb6ec4e2f8/_navbar.scssc: can't dump anonymous class #<Class:0xb1e0694>

Warning. Error encountered while saving cache c059a54f3ea9e182980c02c1997b9feb6ec4e2f8/_breadcrumbs.scssc: can't dump anonymous class #<Class:0xb1e0694>

Warning. Error encountered while saving cache c059a54f3ea9e182980c02c1997b9feb6ec4e2f8/_pagination.scssc: can't dump anonymous class #<Class:0xb1e0694>

Warning. Error encountered while saving cache c059a54f3ea9e182980c02c1997b9feb6ec4e2f8/_pager.scssc: can't dump anonymous class #<Class:0xb1e0694>

Warning. Error encountered while saving cache c059a54f3ea9e182980c02c1997b9feb6ec4e2f8/_labels.scssc: can't dump anonymous class #<Class:0xb1e0694>

Warning. Error encountered while saving cache c059a54f3ea9e182980c02c1997b9feb6ec4e2f8/_badges.scssc: can't dump anonymous class #<Class:0xb1e0694>

Warning. Error encountered while saving cache c059a54f3ea9e182980c02c1997b9feb6ec4e2f8/_jumbotron.scssc: can't dump anonymous class #<Class:0xb1e0694>

Warning. Error encountered while saving cache c059a54f3ea9e182980c02c1997b9feb6ec4e2f8/_thumbnails.scssc: can't dump anonymous class #<Class:0xb1e0694>

Warning. Error encountered while saving cache c059a54f3ea9e182980c02c1997b9feb6ec4e2f8/_alerts.scssc: can't dump anonymous class #<Class:0xb1e0694>

Warning. Error encountered while saving cache c059a54f3ea9e182980c02c1997b9feb6ec4e2f8/_progress-bars.scssc: can't dump anonymous class #<Class:0xb1e0694>

Warning. Error encountered while saving cache c059a54f3ea9e182980c02c1997b9feb6ec4e2f8/_media.scssc: can't dump anonymous class #<Class:0xb1e0694>

Warning. Error encountered while saving cache c059a54f3ea9e182980c02c1997b9feb6ec4e2f8/_list-group.scssc: can't dump anonymous class #<Class:0xb1e0694>

Warning. Error encountered while saving cache c059a54f3ea9e182980c02c1997b9feb6ec4e2f8/_panels.scssc: can't dump anonymous class #<Class:0xb1e0694>

Warning. Error encountered while saving cache c059a54f3ea9e182980c02c1997b9feb6ec4e2f8/_responsive-embed.scssc: can't dump anonymous class #<Class:0xb1e0694>

Warning. Error encountered while saving cache c059a54f3ea9e182980c02c1997b9feb6ec4e2f8/_wells.scssc: can't dump anonymous class #<Class:0xb1e0694>

Warning. Error encountered while saving cache c059a54f3ea9e182980c02c1997b9feb6ec4e2f8/_close.scssc: can't dump anonymous class #<Class:0xb1e0694>

Warning. Error encountered while saving cache c059a54f3ea9e182980c02c1997b9feb6ec4e2f8/_modals.scssc: can't dump anonymous class #<Class:0xb1e0694>

Warning. Error encountered while saving cache c059a54f3ea9e182980c02c1997b9feb6ec4e2f8/_tooltip.scssc: can't dump anonymous class #<Class:0xb1e0694>

Warning. Error encountered while saving cache c059a54f3ea9e182980c02c1997b9feb6ec4e2f8/_popovers.scssc: can't dump anonymous class #<Class:0xb1e0694>

Warning. Error encountered while saving cache c059a54f3ea9e182980c02c1997b9feb6ec4e2f8/_carousel.scssc: can't dump anonymous class #<Class:0xb1e0694>

Warning. Error encountered while saving cache c059a54f3ea9e182980c02c1997b9feb6ec4e2f8/_utilities.scssc: can't dump anonymous class #<Class:0xb1e0694>

Warning. Error encountered while saving cache c059a54f3ea9e182980c02c1997b9feb6ec4e2f8/_responsive-utilities.scssc: can't dump anonymous class #<Class:0xb1e0694>

Warning. Error encountered while saving cache 4d23222be75b492fce8bc52a271824afcc21fab1/microposts.css.scssc: can't dump anonymous class #<Class:0xb1e0694>

Warning. Error encountered while saving cache 4d23222be75b492fce8bc52a271824afcc21fab1/password_resets.css.scssc: can't dump anonymous class #<Class:0xb1e0694>

Warning. Error encountered while saving cache 4d23222be75b492fce8bc52a271824afcc21fab1/relationships.css.scssc: can't dump anonymous class #<Class:0xb1e0694>

Warning. Error encountered while saving cache 4d23222be75b492fce8bc52a271824afcc21fab1/sessions.css.scssc: can't dump anonymous class #<Class:0xb1e0694>

Warning. Error encountered while saving cache 4d23222be75b492fce8bc52a271824afcc21fab1/static_pages.css.scssc: can't dump anonymous class #<Class:0xb1e0694>

Warning. Error encountered while saving cache 4d23222be75b492fce8bc52a271824afcc21fab1/users.css.scssc: can't dump anonymous class #<Class:0xb1e0694>

  Rendered layouts/_shim.html.erb (2.1ms)
  Rendered layouts/_header.html.erb (1.8ms)
  Rendered layouts/_footer.html.erb (0.7ms)
Completed 200 OK in 7733ms (Views: 7688.7ms | ActiveRecord: 0.0ms)


Started GET "/assets/account_activations-64845c436e75ac587deec98177291d4e.css?body=1" for 127.0.0.1 at 2015-01-14 14:52:19 +0700


Started GET "/assets/custom-86b8085cd56688cb3a6b47b4be763af3.css?body=1" for 127.0.0.1 at 2015-01-14 14:52:19 +0700


Started GET "/assets/relationships-64845c436e75ac587deec98177291d4e.css?body=1" for 127.0.0.1 at 2015-01-14 14:52:19 +0700


Started GET "/assets/microposts-64845c436e75ac587deec98177291d4e.css?body=1" for 127.0.0.1 at 2015-01-14 14:52:19 +0700


Started GET "/assets/password_resets-64845c436e75ac587deec98177291d4e.css?body=1" for 127.0.0.1 at 2015-01-14 14:52:19 +0700


Started GET "/assets/sessions-64845c436e75ac587deec98177291d4e.css?body=1" for 127.0.0.1 at 2015-01-14 14:52:19 +0700


Started GET "/assets/static_pages-64845c436e75ac587deec98177291d4e.css?body=1" for 127.0.0.1 at 2015-01-14 14:52:19 +0700


Started GET "/assets/users-64845c436e75ac587deec98177291d4e.css?body=1" for 127.0.0.1 at 2015-01-14 14:52:19 +0700


Started GET "/assets/application-763c29c6b52410b766a9aac4e6be42fc.css?body=1" for 127.0.0.1 at 2015-01-14 14:52:19 +0700


Started GET "/assets/jquery-6a50177757f6c64493882fb7aae952c3.js?body=1" for 127.0.0.1 at 2015-01-14 14:52:19 +0700


Started GET "/assets/jquery_ujs-03cb26c4b41579fc5e95ea8f47ac5e18.js?body=1" for 127.0.0.1 at 2015-01-14 14:52:19 +0700


Started GET "/assets/bootstrap-3a1b6158a4a4800830e8afab8e06201d.js?body=1" for 127.0.0.1 at 2015-01-14 14:52:19 +0700


Started GET "/assets/turbolinks-cded62415a0d4fe656851f18de2622a5.js?body=1" for 127.0.0.1 at 2015-01-14 14:52:19 +0700


Started GET "/assets/account_activations-32740fa4bc301ff5ef2eca5d8d82335a.js?body=1" for 127.0.0.1 at 2015-01-14 14:52:19 +0700


Started GET "/assets/microposts-32740fa4bc301ff5ef2eca5d8d82335a.js?body=1" for 127.0.0.1 at 2015-01-14 14:52:19 +0700


Started GET "/assets/password_resets-32740fa4bc301ff5ef2eca5d8d82335a.js?body=1" for 127.0.0.1 at 2015-01-14 14:52:19 +0700


Started GET "/assets/relationships-32740fa4bc301ff5ef2eca5d8d82335a.js?body=1" for 127.0.0.1 at 2015-01-14 14:52:19 +0700


Started GET "/assets/static_pages-32740fa4bc301ff5ef2eca5d8d82335a.js?body=1" for 127.0.0.1 at 2015-01-14 14:52:20 +0700


Started GET "/assets/sessions-32740fa4bc301ff5ef2eca5d8d82335a.js?body=1" for 127.0.0.1 at 2015-01-14 14:52:20 +0700


Started GET "/assets/users-32740fa4bc301ff5ef2eca5d8d82335a.js?body=1" for 127.0.0.1 at 2015-01-14 14:52:20 +0700


Started GET "/assets/rails-9308b8f92fea4c19a3a0d8385b494526.png" for 127.0.0.1 at 2015-01-14 14:52:20 +0700


Started GET "/assets/application-4f462e1287bf029ae77c30ea1d328660.js?body=1" for 127.0.0.1 at 2015-01-14 14:52:20 +0700


Started GET "/signup" for 127.0.0.1 at 2015-01-14 14:52:26 +0700
Processing by UsersController#new as HTML
  Rendered shared/_error_messages.html.erb (2.9ms)
  Rendered users/_fields.html.erb (791.5ms)
  Rendered users/new.html.erb within layouts/application (797.5ms)
  Rendered layouts/_shim.html.erb (0.4ms)
  Rendered layouts/_header.html.erb (1.2ms)
  Rendered layouts/_footer.html.erb (0.6ms)
Completed 200 OK in 1168ms (Views: 1063.6ms | ActiveRecord: 0.6ms)


Started GET "/login" for 127.0.0.1 at 2015-01-14 14:52:30 +0700
Processing by SessionsController#new as HTML
  Rendered sessions/new.html.erb within layouts/application (18.9ms)
  Rendered layouts/_shim.html.erb (0.1ms)
  Rendered layouts/_header.html.erb (0.4ms)
  Rendered layouts/_footer.html.erb (0.2ms)
Completed 200 OK in 270ms (Views: 269.0ms | ActiveRecord: 0.0ms)


Started GET "/password_resets/new" for 127.0.0.1 at 2015-01-14 14:52:35 +0700
Processing by PasswordResetsController#new as HTML
  Rendered password_resets/new.html.erb within layouts/application (2.5ms)
  Rendered layouts/_shim.html.erb (0.1ms)
  Rendered layouts/_header.html.erb (0.5ms)
  Rendered layouts/_footer.html.erb (0.2ms)
Completed 200 OK in 378ms (Views: 376.9ms | ActiveRecord: 0.0ms)


Started POST "/password_resets" for 127.0.0.1 at 2015-01-14 14:52:44 +0700
Processing by PasswordResetsController#create as HTML
  Parameters: {"utf8"=>"✓", "authenticity_token"=>"ZGt4aX8taM7On8JearzvDjaA4q844UkeHxt7uuId+DDnVVP4k87OMoJIFjsO0BWBXgxpv2CkxmqgXnoZUewSwQ==", "password_reset"=>"[FILTERED]", "commit"=>"Submit"}
  [1m[35mUser Load (0.3ms)[0m  SELECT  "users".* FROM "users" WHERE "users"."email" = ? LIMIT 1  [["email", "dcthanh9@gmail.com"]]
  Rendered password_resets/new.html.erb within layouts/application (1.7ms)
  Rendered layouts/_shim.html.erb (0.1ms)
  Rendered layouts/_header.html.erb (0.9ms)
  Rendered layouts/_footer.html.erb (0.2ms)
Completed 200 OK in 570ms (Views: 376.2ms | ActiveRecord: 0.3ms)


Started GET "/" for 127.0.0.1 at 2015-01-14 14:53:04 +0700
Processing by StaticPagesController#home as HTML
  Rendered static_pages/_anonymous.html.erb (0.5ms)
  Rendered static_pages/home.html.erb within layouts/application (1.8ms)
  Rendered layouts/_shim.html.erb (0.1ms)
  Rendered layouts/_header.html.erb (0.4ms)
  Rendered layouts/_footer.html.erb (0.3ms)
Completed 200 OK in 252ms (Views: 251.1ms | ActiveRecord: 0.0ms)


Started GET "/login" for 127.0.0.1 at 2015-01-14 14:55:19 +0700
Processing by SessionsController#new as HTML
  Rendered sessions/new.html.erb within layouts/application (3.6ms)
  Rendered layouts/_shim.html.erb (0.1ms)
  Rendered layouts/_header.html.erb (0.4ms)
  Rendered layouts/_footer.html.erb (0.2ms)
Completed 200 OK in 303ms (Views: 301.6ms | ActiveRecord: 0.0ms)


Started POST "/login" for 127.0.0.1 at 2015-01-14 14:55:28 +0700
Processing by SessionsController#create as HTML
  Parameters: {"utf8"=>"✓", "authenticity_token"=>"tM3dbVEKPDbk8LR+85B1aBSqH0REHIsVRpCWsx9hKTQ38/b8vemayqgnYBuX/I/nfCaUVBxZBGH51ZcQrJDDxQ==", "session"=>{"email"=>"Docongthanh@docongthanh.com", "password"=>"[FILTERED]", "remember_me"=>"0"}, "commit"=>"Log in"}
  [1m[36mUser Load (0.3ms)[0m  [1mSELECT  "users".* FROM "users" WHERE "users"."email" = ? LIMIT 1[0m  [["email", "docongthanh@docongthanh.com"]]
  Rendered sessions/new.html.erb within layouts/application (2.5ms)
  Rendered layouts/_shim.html.erb (0.1ms)
  Rendered layouts/_header.html.erb (0.4ms)
  Rendered layouts/_footer.html.erb (0.2ms)
Completed 200 OK in 259ms (Views: 256.2ms | ActiveRecord: 0.3ms)


Started GET "/signup" for 127.0.0.1 at 2015-01-14 14:55:32 +0700
Processing by UsersController#new as HTML
  Rendered shared/_error_messages.html.erb (0.5ms)
  Rendered users/_fields.html.erb (4.0ms)
  Rendered users/new.html.erb within layouts/application (6.9ms)
  Rendered layouts/_shim.html.erb (0.1ms)
  Rendered layouts/_header.html.erb (0.6ms)
  Rendered layouts/_footer.html.erb (0.5ms)
Completed 200 OK in 299ms (Views: 297.4ms | ActiveRecord: 0.0ms)


Started POST "/users" for 127.0.0.1 at 2015-01-14 14:55:54 +0700
Processing by UsersController#create as HTML
  Parameters: {"utf8"=>"✓", "authenticity_token"=>"mpVkibKhXFOA3IQiG+Egz3dydiHrdopVrVxOSZNu+i0Zq08YXkL6r8wLUEd/jdpAH/79MbMzBSESGU/qIJ8Q3A==", "user"=>{"name"=>"Do Cong Thanh", "email"=>"docongthanh@docongthanh.com", "password"=>"[FILTERED]", "password_confirmation"=>"[FILTERED]"}, "commit"=>"Create my account"}
  [1m[35m (0.1ms)[0m  begin transaction
  [1m[36mUser Exists (13.0ms)[0m  [1mSELECT  1 AS one FROM "users" WHERE LOWER("users"."email") = LOWER('docongthanh@docongthanh.com') LIMIT 1[0m
  [1m[35mSQL (168.0ms)[0m  INSERT INTO "users" ("activation_digest", "created_at", "email", "name", "password_digest", "updated_at") VALUES (?, ?, ?, ?, ?, ?)  [["activation_digest", "$2a$10$cOK8P1rapo.5t3gbeQ7I/.tB1u5z9.dLudDLVHPdWaJ5w6AdbBtMu"], ["created_at", "2015-01-14 07:55:55.038081"], ["email", "docongthanh@docongthanh.com"], ["name", "Do Cong Thanh"], ["password_digest", "$2a$10$I6MiY8oV4l1ouakLjCLtM.drDm8BeztbsKGE2uubVCVq8fwE6qArK"], ["updated_at", "2015-01-14 07:55:55.038081"]]
  [1m[36m (247.6ms)[0m  [1mcommit transaction[0m
  Rendered user_mailer/account_activation.html.erb (2.4ms)
  Rendered user_mailer/account_activation.text.erb (1.3ms)

UserMailer#account_activation: processed outbound mail in 48.9ms

Sent mail to docongthanh@docongthanh.com (37.2ms)
Date: Wed, 14 Jan 2015 14:55:55 +0700
From: noreply@example.com
To: docongthanh@docongthanh.com
Message-ID: <54b6210bce2c3_27922558ddb62124@dct.mail>
Subject: Account activation
Mime-Version: 1.0
Content-Type: multipart/alternative;
 boundary="--==_mimepart_54b6210bc5a5b_27922558ddb6204d";
 charset=UTF-8
Content-Transfer-Encoding: 7bit


----==_mimepart_54b6210bc5a5b_27922558ddb6204d
Content-Type: text/plain;
 charset=UTF-8
Content-Transfer-Encoding: 7bit

Hi Do Cong Thanh,

Welcome to the Sample App! Click on the link below to activate your account:

http://0.0.0.0:3000/account_activations/MU-xytG98qB5uu4aiog17A/edit?email=docongthanh%40docongthanh.com
----==_mimepart_54b6210bc5a5b_27922558ddb6204d
Content-Type: text/html;
 charset=UTF-8
Content-Transfer-Encoding: 7bit

<h1>Sample App</h1>

<p>Hi Do Cong Thanh,</p>

<p>
Welcome to the Sample App! Click on the link below to activate your account:
</p>

<a href="http://0.0.0.0:3000/account_activations/MU-xytG98qB5uu4aiog17A/edit?email=docongthanh%40docongthanh.com">Activate</a>
----==_mimepart_54b6210bc5a5b_27922558ddb6204d--

Redirected to http://localhost:3000/
Completed 302 Found in 1010ms (ActiveRecord: 428.7ms)


Started GET "/" for 127.0.0.1 at 2015-01-14 14:55:55 +0700
Processing by StaticPagesController#home as HTML
  Rendered static_pages/_anonymous.html.erb (0.5ms)
  Rendered static_pages/home.html.erb within layouts/application (1.8ms)
  Rendered layouts/_shim.html.erb (0.1ms)
  Rendered layouts/_header.html.erb (0.4ms)
  Rendered layouts/_footer.html.erb (0.2ms)
Completed 200 OK in 271ms (Views: 270.3ms | ActiveRecord: 0.0ms)


Started GET "/login" for 127.0.0.1 at 2015-01-14 15:11:47 +0700
Processing by SessionsController#new as HTML
  Rendered sessions/new.html.erb within layouts/application (1205.4ms)
  Rendered layouts/_shim.html.erb (0.1ms)
  Rendered layouts/_header.html.erb (0.6ms)
  Rendered layouts/_footer.html.erb (17.0ms)
Completed 200 OK in 9904ms (Views: 9252.2ms | ActiveRecord: 0.0ms)


Started GET "/login" for 127.0.0.1 at 2015-01-14 15:12:02 +0700
Processing by SessionsController#new as HTML
  Rendered sessions/new.html.erb within layouts/application (1.6ms)
  Rendered layouts/_shim.html.erb (0.0ms)
  Rendered layouts/_header.html.erb (0.4ms)
  Rendered layouts/_footer.html.erb (0.2ms)
Completed 200 OK in 4370ms (Views: 4369.2ms | ActiveRecord: 0.0ms)


Started GET "/login" for 127.0.0.1 at 2015-01-14 15:12:06 +0700
Processing by SessionsController#new as HTML
  Rendered sessions/new.html.erb within layouts/application (1.8ms)
  Rendered layouts/_shim.html.erb (0.0ms)
  Rendered layouts/_header.html.erb (0.4ms)
  Rendered layouts/_footer.html.erb (0.2ms)
Completed 200 OK in 396ms (Views: 395.4ms | ActiveRecord: 0.0ms)


Started POST "/login" for 127.0.0.1 at 2015-01-14 15:12:45 +0700
Processing by SessionsController#create as HTML
  Parameters: {"utf8"=>"✓", "authenticity_token"=>"VvxsgtWccBTb5dnud7euRQAeqSWcWL3m4Ev2Z5WuHxLVwkcTOX/W6JcyDYsT21TKaJIiNcQdMpJfDvfEJl/14w==", "session"=>{"email"=>"Docongthanh@docongthanh.com", "password"=>"[FILTERED]", "remember_me"=>"0"}, "commit"=>"Log in"}
  [1m[35mUser Load (48.3ms)[0m  SELECT  "users".* FROM "users" WHERE "users"."email" = ? LIMIT 1  [["email", "docongthanh@docongthanh.com"]]
Redirected to http://localhost:3000/
Completed 302 Found in 356ms (ActiveRecord: 48.3ms)


Started GET "/" for 127.0.0.1 at 2015-01-14 15:12:46 +0700
Processing by StaticPagesController#home as HTML
  Rendered static_pages/_anonymous.html.erb (0.8ms)
  Rendered static_pages/home.html.erb within layouts/application (11.9ms)
  Rendered layouts/_shim.html.erb (0.1ms)
  Rendered layouts/_header.html.erb (115.5ms)
  Rendered layouts/_footer.html.erb (0.6ms)
Completed 200 OK in 405ms (Views: 403.6ms | ActiveRecord: 0.0ms)


Started GET "/signup" for 127.0.0.1 at 2015-01-14 15:12:56 +0700
Processing by UsersController#new as HTML
  Rendered shared/_error_messages.html.erb (0.1ms)
  Rendered users/_fields.html.erb (14.1ms)
  Rendered users/new.html.erb within layouts/application (28.8ms)
  Rendered layouts/_shim.html.erb (0.1ms)
  Rendered layouts/_header.html.erb (0.5ms)
  Rendered layouts/_footer.html.erb (0.2ms)
Completed 200 OK in 326ms (Views: 324.2ms | ActiveRecord: 0.0ms)


Started POST "/users" for 127.0.0.1 at 2015-01-14 15:13:16 +0700
Processing by UsersController#create as HTML
  Parameters: {"utf8"=>"✓", "authenticity_token"=>"kmX/wq9+oTJPxIMoaIN66GVldC2F28p/Ww1pJpEU1fERW9RTQ50HzgMTV00M74BnDen/Pd2eRQvkSGiFIuU/AA==", "user"=>{"name"=>"Do Cong Thanh", "email"=>"docongthanh@outlook.com", "password"=>"[FILTERED]", "password_confirmation"=>"[FILTERED]"}, "commit"=>"Create my account"}
  [1m[36m (0.3ms)[0m  [1mbegin transaction[0m
  [1m[35mUser Exists (1.0ms)[0m  SELECT  1 AS one FROM "users" WHERE LOWER("users"."email") = LOWER('docongthanh@outlook.com') LIMIT 1
  [1m[36mSQL (0.3ms)[0m  [1mINSERT INTO "users" ("activation_digest", "created_at", "email", "name", "password_digest", "updated_at") VALUES (?, ?, ?, ?, ?, ?)[0m  [["activation_digest", "$2a$10$.ZaoU01.ijQi1HHNUzaPqO5X/naYxVA4SGifN6b4JCMnOPgPIyzy6"], ["created_at", "2015-01-14 08:13:16.264211"], ["email", "docongthanh@outlook.com"], ["name", "Do Cong Thanh"], ["password_digest", "$2a$10$v/2hU6CkCSQWc9B0RSBQqesJg/e61El3cS8BP1KE69cjC9nGWLpMK"], ["updated_at", "2015-01-14 08:13:16.264211"]]
  [1m[35m (205.5ms)[0m  commit transaction
  Rendered user_mailer/account_activation.html.erb (1.1ms)
  Rendered user_mailer/account_activation.text.erb (0.3ms)

UserMailer#account_activation: processed outbound mail in 60.5ms

Sent mail to docongthanh@outlook.com (49.7ms)
Date: Wed, 14 Jan 2015 15:13:16 +0700
From: noreply@example.com
To: docongthanh@outlook.com
Message-ID: <54b6251cceb6c_279256faffe236e@dct.mail>
Subject: Account activation
Mime-Version: 1.0
Content-Type: multipart/alternative;
 boundary="--==_mimepart_54b6251cc5cb5_279256faffe2212";
 charset=UTF-8
Content-Transfer-Encoding: 7bit


----==_mimepart_54b6251cc5cb5_279256faffe2212
Content-Type: text/plain;
 charset=UTF-8
Content-Transfer-Encoding: 7bit

Hi Do Cong Thanh,

Welcome to the Sample App! Click on the link below to activate your account:

http://0.0.0.0:3000/account_activations/ul2zGwf6IoK5cSlsT9olAw/edit?email=docongthanh%40outlook.com
----==_mimepart_54b6251cc5cb5_279256faffe2212
Content-Type: text/html;
 charset=UTF-8
Content-Transfer-Encoding: 7bit

<h1>Sample App</h1>

<p>Hi Do Cong Thanh,</p>

<p>
Welcome to the Sample App! Click on the link below to activate your account:
</p>

<a href="http://0.0.0.0:3000/account_activations/ul2zGwf6IoK5cSlsT9olAw/edit?email=docongthanh%40outlook.com">Activate</a>
----==_mimepart_54b6251cc5cb5_279256faffe2212--

Redirected to http://localhost:3000/
Completed 302 Found in 758ms (ActiveRecord: 207.0ms)


Started GET "/" for 127.0.0.1 at 2015-01-14 15:13:16 +0700
Processing by StaticPagesController#home as HTML
  Rendered static_pages/_anonymous.html.erb (0.7ms)
  Rendered static_pages/home.html.erb within layouts/application (2.0ms)
  Rendered layouts/_shim.html.erb (0.1ms)
  Rendered layouts/_header.html.erb (0.4ms)
  Rendered layouts/_footer.html.erb (0.2ms)
Completed 200 OK in 291ms (Views: 290.2ms | ActiveRecord: 0.0ms)
